<?xml version="1.0" encoding="UTF-8"?>
<!-- Generated by org.testng.reporters.JUnitXMLReporter -->
<testsuite hostname="DESKTOP-VF69006" ignored="0" name="Command line test" tests="6" failures="0" timestamp="2021-05-22T09:00:52 IST" time="0.103" errors="0">
  <testcase name="iosAutomation" time="0.008" classname="qaclickacademy.Mavenjava.APITest"/>
  <testcase name="nativeMblAutomation" time="0.001" classname="qaclickacademy.Mavenjava.APITest"/>
  <testcase name="deleteTwitter" time="0.001" classname="qaclickacademy.Mavenjava.AppiumTest"/>
  <testcase name="postJira" time="0.0" classname="qaclickacademy.Mavenjava.AppiumTest"/>
  <testcase name="browserAutomation" time="0.001" classname="qaclickacademy.Mavenjava.SeleniumTest"/>
  <testcase name="uiAutomation" time="0.0" classname="qaclickacademy.Mavenjava.SeleniumTest"/>
</testsuite> <!-- Command line test -->
