<?xml version="1.0" encoding="UTF-8"?>
<!-- Generated by org.testng.reporters.JUnitXMLReporter -->
<testsuite hostname="DESKTOP-VF69006" ignored="0" name="Test" tests="4" failures="0" timestamp="2021-05-29T09:27:26 IST" time="0.143" errors="0">
  <testcase name="deleteTwitter" time="0.018" classname="qaclickacademy.Mavenjava.AppiumTest"/>
  <testcase name="postJira" time="0.001" classname="qaclickacademy.Mavenjava.AppiumTest"/>
  <testcase name="browserAutomation" time="0.0" classname="qaclickacademy.Mavenjava.SeleniumTest"/>
  <testcase name="uiAutomation" time="0.001" classname="qaclickacademy.Mavenjava.SeleniumTest"/>
</testsuite> <!-- Test -->
