<?xml version="1.0" encoding="UTF-8"?>
<testng-results skipped="0" failed="0" ignored="0" total="4" passed="4">
  <reporter-output>
  </reporter-output>
  <suite name="Suite" duration-ms="143" started-at="2021-05-29T09:27:26 IST" finished-at="2021-05-29T09:27:26 IST">
    <groups>
    </groups>
    <test name="Test" duration-ms="143" started-at="2021-05-29T09:27:26 IST" finished-at="2021-05-29T09:27:26 IST">
      <class name="qaclickacademy.Mavenjava.AppiumTest">
        <test-method status="PASS" signature="deleteTwitter()[pri:0, instance:qaclickacademy.Mavenjava.AppiumTest@536aaa8d]" name="deleteTwitter" duration-ms="18" started-at="2021-05-29T09:27:26 IST" finished-at="2021-05-29T09:27:26 IST">
          <reporter-output>
          </reporter-output>
        </test-method> <!-- deleteTwitter -->
        <test-method status="PASS" signature="postJira()[pri:0, instance:qaclickacademy.Mavenjava.AppiumTest@536aaa8d]" name="postJira" duration-ms="1" started-at="2021-05-29T09:27:26 IST" finished-at="2021-05-29T09:27:26 IST">
          <reporter-output>
          </reporter-output>
        </test-method> <!-- postJira -->
      </class> <!-- qaclickacademy.Mavenjava.AppiumTest -->
      <class name="qaclickacademy.Mavenjava.SeleniumTest">
        <test-method status="PASS" signature="browserAutomation()[pri:0, instance:qaclickacademy.Mavenjava.SeleniumTest@34cd072c]" name="browserAutomation" duration-ms="0" started-at="2021-05-29T09:27:26 IST" finished-at="2021-05-29T09:27:26 IST">
          <reporter-output>
          </reporter-output>
        </test-method> <!-- browserAutomation -->
        <test-method status="PASS" signature="uiAutomation()[pri:0, instance:qaclickacademy.Mavenjava.SeleniumTest@34cd072c]" name="uiAutomation" duration-ms="1" started-at="2021-05-29T09:27:26 IST" finished-at="2021-05-29T09:27:26 IST">
          <reporter-output>
          </reporter-output>
        </test-method> <!-- uiAutomation -->
      </class> <!-- qaclickacademy.Mavenjava.SeleniumTest -->
    </test> <!-- Test -->
  </suite> <!-- Suite -->
</testng-results>
